<?xml version="1.0" encoding="UTF-8"?>
<testsuite name="com.gildedrose.GildedRoseTest" tests="1" skipped="0" failures="0" errors="0" timestamp="2021-08-11T13:34:56" hostname="L-5CD0251RL9" time="0.133">
  <properties/>
  <testcase name="basicTest()" classname="com.gildedrose.GildedRoseTest" time="0.133"/>
  <system-out><![CDATA[]]></system-out>
  <system-err><![CDATA[]]></system-err>
</testsuite>
